app/build/outputs/logs/manifest-merger-release-report.txt
-- Merging decision tree log ---
manifest
ADDED from src\main\AndroidManifest.xml:2:1-83:12
INJECTED from src\main\AndroidManifest.xml:2:1-83:12
INJECTED from src\main\AndroidManifest.xml:2:1-83:12
INJECTED from src\main\AndroidManifest.xml:2:1-83:12
MERGED from [com.android.support.constraint:constraint-layout:1.0.2] AndroidManifest.xml:2:1-11:12
MERGED from [com.roomorama:caldroid:2.0.1] AndroidManifest.xml:2:1-11:12
MERGED from [com.mcxiaoke.volley:library-aar:1.0.0] AndroidManifest.xml:1:70-7:12
MERGED from [com.android.support:design:27.1.0] AndroidManifest.xml:17:1-22:12
MERGED from [com.android.support:appcompat-v7:27.1.0] AndroidManifest.xml:17:1-22:12
MERGED from [net.yslibrary.keyboardvisibilityevent:keyboardvisibilityevent:2.2.0] AndroidManifest.xml:2:1-11:12
MERGED from [com.android.support:support-v4:27.1.0] AndroidManifest.xml:17:1-22:12
MERGED from [com.android.support:support-fragment:27.1.0] AndroidManifest.xml:17:1-22:12
MERGED from [com.android.support:animated-vector-drawable:27.1.0] AndroidManifest.xml:17:1-22:12
MERGED from [com.android.support:recyclerview-v7:27.1.0] AndroidManifest.xml:17:1-22:12
MERGED from [com.android.support:support-core-ui:27.1.0] AndroidManifest.xml:17:1-22:12
MERGED from [com.android.support:support-core-utils:27.1.0] AndroidManifest.xml:17:1-22:12
MERGED from [com.android.support:support-vector-drawable:27.1.0] AndroidManifest.xml:17:1-22:12
MERGED from [com.android.support:transition:27.1.0] AndroidManifest.xml:17:1-22:12
MERGED from [com.android.support:support-media-compat:27.1.0] AndroidManifest.xml:17:1-22:12
MERGED from [com.android.support:support-compat:27.1.0] AndroidManifest.xml:17:1-22:12
MERGED from [android.arch.lifecycle:livedata-core:1.1.0] AndroidManifest.xml:17:1-22:12
MERGED from [android.arch.lifecycle:viewmodel:1.1.0] AndroidManifest.xml:17:1-22:12
MERGED from [android.arch.lifecycle:runtime:1.1.0] AndroidManifest.xml:17:1-22:12
MERGED from [android.arch.core:runtime:1.1.0] AndroidManifest.xml:17:1-22:12
INJECTED from src\main\AndroidManifest.xml:2:1-83:12
INJECTED from src\main\AndroidManifest.xml:2:1-83:12
INJECTED from src\main\AndroidManifest.xml:2:1-83:12
	package
		ADDED from src\main\AndroidManifest.xml:3:5-34
		INJECTED from src\main\AndroidManifest.xml
		INJECTED from src\main\AndroidManifest.xml
	android:versionName
		ADDED from src\main\AndroidManifest.xml:5:5-32
		INJECTED from src\main\AndroidManifest.xml
		INJECTED from src\main\AndroidManifest.xml
	xmlns:android
		ADDED from src\main\AndroidManifest.xml:2:11-69
	android:versionCode
		ADDED from src\main\AndroidManifest.xml:4:5-29
		INJECTED from src\main\AndroidManifest.xml
		INJECTED from src\main\AndroidManifest.xml
uses-sdk
ADDED from src\main\AndroidManifest.xml:7:5-47
INJECTED from src\main\AndroidManifest.xml:7:5-47
INJECTED from src\main\AndroidManifest.xml:7:5-47
MERGED from [com.android.support.constraint:constraint-layout:1.0.2] AndroidManifest.xml:5:5-7:41
MERGED from [com.android.support.constraint:constraint-layout:1.0.2] AndroidManifest.xml:5:5-7:41
MERGED from [com.roomorama:caldroid:2.0.1] AndroidManifest.xml:7:5-9:41
MERGED from [com.roomorama:caldroid:2.0.1] AndroidManifest.xml:7:5-9:41
MERGED from [com.mcxiaoke.volley:library-aar:1.0.0] AndroidManifest.xml:3:5-72
MERGED from [com.mcxiaoke.volley:library-aar:1.0.0] AndroidManifest.xml:3:5-72
MERGED from [com.android.support:design:27.1.0] AndroidManifest.xml:20:5-44
MERGED from [com.android.support:design:27.1.0] AndroidManifest.xml:20:5-44
MERGED from [com.android.support:appcompat-v7:27.1.0] AndroidManifest.xml:20:5-44
MERGED from [com.android.support:appcompat-v7:27.1.0] AndroidManifest.xml:20:5-44
MERGED from [net.yslibrary.keyboardvisibilityevent:keyboardvisibilityevent:2.2.0] AndroidManifest.xml:7:5-9:41
MERGED from [net.yslibrary.keyboardvisibilityevent:keyboardvisibilityevent:2.2.0] AndroidManifest.xml:7:5-9:41
MERGED from [com.android.support:support-v4:27.1.0] AndroidManifest.xml:20:5-44
MERGED from [com.android.support:support-v4:27.1.0] AndroidManifest.xml:20:5-44
MERGED from [com.android.support:support-fragment:27.1.0] AndroidManifest.xml:20:5-44
MERGED from [com.android.support:support-fragment:27.1.0] AndroidManifest.xml:20:5-44
MERGED from [com.android.support:animated-vector-drawable:27.1.0] AndroidManifest.xml:20:5-44
MERGED from [com.android.support:animated-vector-drawable:27.1.0] AndroidManifest.xml:20:5-44
MERGED from [com.android.support:recyclerview-v7:27.1.0] AndroidManifest.xml:20:5-44
MERGED from [com.android.support:recyclerview-v7:27.1.0] AndroidManifest.xml:20:5-44
MERGED from [com.android.support:support-core-ui:27.1.0] AndroidManifest.xml:20:5-44
MERGED from [com.android.support:support-core-ui:27.1.0] AndroidManifest.xml:20:5-44
MERGED from [com.android.support:support-core-utils:27.1.0] AndroidManifest.xml:20:5-44
MERGED from [com.android.support:support-core-utils:27.1.0] AndroidManifest.xml:20:5-44
MERGED from [com.android.support:support-vector-drawable:27.1.0] AndroidManifest.xml:20:5-44
MERGED from [com.android.support:support-vector-drawable:27.1.0] AndroidManifest.xml:20:5-44
MERGED from [com.android.support:transition:27.1.0] AndroidManifest.xml:20:5-44
MERGED from [com.android.support:transition:27.1.0] AndroidManifest.xml:20:5-44
MERGED from [com.android.support:support-media-compat:27.1.0] AndroidManifest.xml:20:5-44
MERGED from [com.android.support:support-media-compat:27.1.0] AndroidManifest.xml:20:5-44
MERGED from [com.android.support:support-compat:27.1.0] AndroidManifest.xml:20:5-44
MERGED from [com.android.support:support-compat:27.1.0] AndroidManifest.xml:20:5-44
MERGED from [android.arch.lifecycle:livedata-core:1.1.0] AndroidManifest.xml:20:5-44
MERGED from [android.arch.lifecycle:livedata-core:1.1.0] AndroidManifest.xml:20:5-44
MERGED from [android.arch.lifecycle:viewmodel:1.1.0] AndroidManifest.xml:20:5-44
MERGED from [android.arch.lifecycle:viewmodel:1.1.0] AndroidManifest.xml:20:5-44
MERGED from [android.arch.lifecycle:runtime:1.1.0] AndroidManifest.xml:20:5-44
MERGED from [android.arch.lifecycle:runtime:1.1.0] AndroidManifest.xml:20:5-44
MERGED from [android.arch.core:runtime:1.1.0] AndroidManifest.xml:20:5-44
MERGED from [android.arch.core:runtime:1.1.0] AndroidManifest.xml:20:5-44
INJECTED from src\main\AndroidManifest.xml:7:5-47
INJECTED from src\main\AndroidManifest.xml:7:5-47
	android:targetSdkVersion
		ADDED from src\main\AndroidManifest.xml:7:15-44
		INJECTED from src\main\AndroidManifest.xml
		INJECTED from src\main\AndroidManifest.xml
	android:minSdkVersion
		INJECTED from src\main\AndroidManifest.xml
		ADDED from src\main\AndroidManifest.xml:7:5-47
		INJECTED from src\main\AndroidManifest.xml
uses-permission#android.permission.INTERNET
ADDED from src\main\AndroidManifest.xml:9:5-67
	android:name
		ADDED from src\main\AndroidManifest.xml:9:22-64
uses-permission#android.permission.ACCESS_FINE_LOCATION
ADDED from src\main\AndroidManifest.xml:10:5-79
	android:name
		ADDED from src\main\AndroidManifest.xml:10:22-76
uses-permission#android.permission.ACCESS_COARSE_LOCATION
ADDED from src\main\AndroidManifest.xml:11:5-81
	android:name
		ADDED from src\main\AndroidManifest.xml:11:22-78
uses-permission#android.permission.ACCESS_NETWORK_STATE
ADDED from src\main\AndroidManifest.xml:12:5-79
	android:name
		ADDED from src\main\AndroidManifest.xml:12:22-76
uses-permission#android.permission.WAKE_LOCK
ADDED from src\main\AndroidManifest.xml:17:5-68
	android:name
		ADDED from src\main\AndroidManifest.xml:17:22-65
uses-permission#android.permission.GET_ACCOUNTS
ADDED from src\main\AndroidManifest.xml:18:5-71
	android:name
		ADDED from src\main\AndroidManifest.xml:18:22-68
uses-permission#android.permission.READ_PHONE_STATE
ADDED from src\main\AndroidManifest.xml:19:5-75
	android:name
		ADDED from src\main\AndroidManifest.xml:19:22-72
uses-permission#android.permission.ACCESS_WIFI_STATE
ADDED from src\main\AndroidManifest.xml:20:5-76
	android:name
		ADDED from src\main\AndroidManifest.xml:20:22-73
uses-permission#android.permission.CHANGE_NETWORK_STATE
ADDED from src\main\AndroidManifest.xml:21:5-79
	android:name
		ADDED from src\main\AndroidManifest.xml:21:22-76
uses-permission#android.permission.WRITE_CALENDAR
ADDED from src\main\AndroidManifest.xml:22:5-73
	android:name
		ADDED from src\main\AndroidManifest.xml:22:22-70
uses-permission#android.permission.READ_CALENDAR
ADDED from src\main\AndroidManifest.xml:23:5-72
	android:name
		ADDED from src\main\AndroidManifest.xml:23:22-69
uses-permission#android.permission.WRITE_EXTERNAL_STORAGE
ADDED from src\main\AndroidManifest.xml:24:5-81
	android:name
		ADDED from src\main\AndroidManifest.xml:24:22-78
uses-permission#android.permission.READ_EXTERNAL_STORAGE
ADDED from src\main\AndroidManifest.xml:25:5-80
	android:name
		ADDED from src\main\AndroidManifest.xml:25:22-77
application
ADDED from src\main\AndroidManifest.xml:27:5-81:19
MERGED from [com.android.support.constraint:constraint-layout:1.0.2] AndroidManifest.xml:9:5-20
MERGED from [com.android.support.constraint:constraint-layout:1.0.2] AndroidManifest.xml:9:5-20
MERGED from [com.mcxiaoke.volley:library-aar:1.0.0] AndroidManifest.xml:5:5-19
MERGED from [com.mcxiaoke.volley:library-aar:1.0.0] AndroidManifest.xml:5:5-19
	android:supportsRtl
		ADDED from src\main\AndroidManifest.xml:33:9-35
	android:label
		ADDED from src\main\AndroidManifest.xml:31:9-31
	android:largeHeap
		ADDED from src\main\AndroidManifest.xml:32:9-33
	android:icon
		ADDED from src\main\AndroidManifest.xml:30:9-38
	android:allowBackup
		ADDED from src\main\AndroidManifest.xml:29:9-35
	android:theme
		ADDED from src\main\AndroidManifest.xml:34:9-40
	android:name
		ADDED from src\main\AndroidManifest.xml:28:9-42
activity#com.yellowpg.gaspel.FirstActivity
ADDED from src\main\AndroidManifest.xml:35:9-41:20
	android:name
		ADDED from src\main\AndroidManifest.xml:36:13-42
intent-filter#action:name:android.intent.action.MAIN+category:name:android.intent.category.LAUNCHER
ADDED from src\main\AndroidManifest.xml:37:13-40:29
action#android.intent.action.MAIN
ADDED from src\main\AndroidManifest.xml:38:17-69
	android:name
		ADDED from src\main\AndroidManifest.xml:38:25-66
category#android.intent.category.LAUNCHER
ADDED from src\main\AndroidManifest.xml:39:17-77
	android:name
		ADDED from src\main\AndroidManifest.xml:39:27-74
activity#com.yellowpg.gaspel.MainActivity
ADDED from src\main\AndroidManifest.xml:42:9-43:44
	android:name
		ADDED from src\main\AndroidManifest.xml:43:13-41
activity#com.yellowpg.gaspel.WeekendActivity
ADDED from src\main\AndroidManifest.xml:44:9-45:47
	android:name
		ADDED from src\main\AndroidManifest.xml:45:13-44
activity#com.yellowpg.gaspel.SettingActivity
ADDED from src\main\AndroidManifest.xml:46:9-47:47
	android:name
		ADDED from src\main\AndroidManifest.xml:47:13-44
activity#com.yellowpg.gaspel.RecordActivity
ADDED from src\main\AndroidManifest.xml:48:9-49:46
	android:name
		ADDED from src\main\AndroidManifest.xml:49:13-43
activity#com.yellowpg.gaspel.LectioActivity
ADDED from src\main\AndroidManifest.xml:50:9-51:46
	android:name
		ADDED from src\main\AndroidManifest.xml:51:13-43
activity#com.yellowpg.gaspel.LoginActivity
ADDED from src\main\AndroidManifest.xml:52:9-53:45
	android:name
		ADDED from src\main\AndroidManifest.xml:53:13-42
activity#com.yellowpg.gaspel.RegisterActivity
ADDED from src\main\AndroidManifest.xml:54:9-55:48
	android:name
		ADDED from src\main\AndroidManifest.xml:55:13-45
activity#com.yellowpg.gaspel.ProfileActivity
ADDED from src\main\AndroidManifest.xml:56:9-53
	android:name
		ADDED from src\main\AndroidManifest.xml:56:19-50
activity#com.yellowpg.gaspel.PreviousActivity
ADDED from src\main\AndroidManifest.xml:57:9-58:68
	android:theme
		ADDED from src\main\AndroidManifest.xml:58:13-56
	android:name
		ADDED from src\main\AndroidManifest.xml:57:19-51
receiver#com.yellowpg.gaspel.etc.BootService
ADDED from src\main\AndroidManifest.xml:59:9-80:20
	android:enabled
		ADDED from src\main\AndroidManifest.xml:59:19-41
	android:label
		ADDED from src\main\AndroidManifest.xml:59:66-93
	android:exported
		ADDED from src\main\AndroidManifest.xml:59:42-65
	android:name
		ADDED from src\main\AndroidManifest.xml:59:94-144
intent-filter#action:name:android.intent.action.BOOT_COMPLETED+data:scheme:package
ADDED from src\main\AndroidManifest.xml:60:13-63:29
action#android.intent.action.BOOT_COMPLETED
ADDED from src\main\AndroidManifest.xml:61:17-78
	android:name
		ADDED from src\main\AndroidManifest.xml:61:25-76
data
ADDED from src\main\AndroidManifest.xml:62:17-49
	android:scheme
		ADDED from src\main\AndroidManifest.xml:62:23-47
intent-filter#action:name:android.intent.action.PACKAGE_ADDED+data:scheme:package
ADDED from src\main\AndroidManifest.xml:64:13-67:29
action#android.intent.action.PACKAGE_ADDED
ADDED from src\main\AndroidManifest.xml:65:17-77
	android:name
		ADDED from src\main\AndroidManifest.xml:65:25-75
intent-filter#action:name:android.intent.action.PACKAGE_INSTALL+data:scheme:package
ADDED from src\main\AndroidManifest.xml:68:13-71:29
action#android.intent.action.PACKAGE_INSTALL
ADDED from src\main\AndroidManifest.xml:69:17-79
	android:name
		ADDED from src\main\AndroidManifest.xml:69:25-77
intent-filter#action:name:android.intent.action.PACKAGE_CHANGED+data:scheme:package
ADDED from src\main\AndroidManifest.xml:72:13-75:29
action#android.intent.action.PACKAGE_CHANGED
ADDED from src\main\AndroidManifest.xml:73:17-79
	android:name
		ADDED from src\main\AndroidManifest.xml:73:25-77
intent-filter#action:name:android.intent.action.PACKAGE_REPLACED+data:scheme:package
ADDED from src\main\AndroidManifest.xml:76:13-79:29
action#android.intent.action.PACKAGE_REPLACED
ADDED from src\main\AndroidManifest.xml:77:17-80
	android:name
		ADDED from src\main\AndroidManifest.xml:77:25-78